<?xml version="1.0" encoding="UTF-8"?>
<testng-results ignored="0" total="1" passed="1" failed="0" skipped="0">
  <reporter-output>
  </reporter-output>
  <suite started-at="2025-09-06T12:39:24 IST" name="Suite" finished-at="2025-09-06T12:40:16 IST" duration-ms="52077">
    <groups>
    </groups>
    <test started-at="2025-09-06T12:39:24 IST" name="Test" finished-at="2025-09-06T12:40:16 IST" duration-ms="52077">
      <class name="com.medimentionTestCases.TC_Registration">
        <test-method is-config="true" signature="setUp()[pri:0, instance:com.medimentionTestCases.TC_Registration@44c03695]" started-at="2025-09-06T12:39:24 IST" name="setUp" finished-at="2025-09-06T12:39:38 IST" duration-ms="14023" status="PASS">
          <reporter-output>
          </reporter-output>
        </test-method> <!-- setUp -->
        <test-method signature="account_register()[pri:0, instance:com.medimentionTestCases.TC_Registration@44c03695]" started-at="2025-09-06T12:39:38 IST" name="account_register" finished-at="2025-09-06T12:40:15 IST" duration-ms="37343" status="PASS">
          <reporter-output>
          </reporter-output>
        </test-method> <!-- account_register -->
        <test-method is-config="true" signature="teardown()[pri:0, instance:com.medimentionTestCases.TC_Registration@44c03695]" started-at="2025-09-06T12:40:15 IST" name="teardown" finished-at="2025-09-06T12:40:16 IST" duration-ms="627" status="PASS">
          <reporter-output>
          </reporter-output>
        </test-method> <!-- teardown -->
      </class> <!-- com.medimentionTestCases.TC_Registration -->
    </test> <!-- Test -->
  </suite> <!-- Suite -->
</testng-results>
